[ 4][       KNOBS]: All knobs on default.

[ 4][   DISKCACHE]: Opened database: "C:\Users\Sketch\AppData\Local\NVIDIA\OptixCache\optix7cache.db"
[ 4][   DISKCACHE]:     Cache data size: "104.6 MiB"
[ 4][   DISKCACHE]: Cache hit for key: ptx-689096-key172208e842f28e6a59b71731e5f8aa24-sm_89-rtc1-drv591.86

[ 4][    COMPILER]: 
[ 4][   DISKCACHE]: Cache hit for key: ptx-167034-keya22b834b5ede476161635aeaad5b4d6e-sm_89-rtc1-drv591.86

[ 4][    COMPILER]: 
Loading OBJ file 'resources/model/bunny.obj' ...
Loading OBJ file 'resources/model/teapot.obj' ...
[ 3][       ACCEL]: Updating of adaptively split curve build inputs is not supported, fall back to uniform splitting.
[ 3][       ACCEL]: Updating of adaptively split curve build inputs is not supported, fall back to uniform splitting.
(C:\Users\Sketch\Documents\PRayGround\prayground\core/scene.h:1245) : [SBT] build begin ray_types 2 hitgroup_records 26602
[ 4][    COMPILER]: Info: Pipeline statistics
	module(s)                            :     2
	entry function(s)                    :    26
	trace call(s)                        :     1
	continuation callable call(s)        :     2
	direct callable call(s)              :     9
	basic block(s) in entry functions    :   654
	instruction(s) in entry functions    : 15998
	non-entry function(s)                :     0
	basic block(s) in non-entry functions:     0
	instruction(s) in non-entry functions:     0
	debug information                    :    no

[closesthit:box] prim=0 shape_data=81907035136 surface_info=81907036672 type=1 callable=(3,3,4)
[closesthit:box] prim=0 shape_data=81907035136 surface_info=81907036672 type=1 callable=(3,3,4)
[closesthit:box] prim=0 shape_data=81907035136 surface_info=81907036672 type=1 callable=(3,3,4)
[closesthit:box] prim=0 shape_data=81907035136 surface_info=81907036672 type=1 callable=(3,3,4)
[closesthit:box] prim=0 shape_data=81907035136 surface_info=81907036672 type=0 callable=(3,3,4)
[closesthit:box] prim=0 shape_data=81907035136 surface_info=81907036672 type=0 callable=(3,3,4)
[closesthit:box] prim=0 shape_data=81907035136 surface_info=81907036672 type=0 callable=(3,3,4)
[closesthit:box] prim=0 shape_data=81907035136 surface_info=81907036672 type=0 callable=(3,3,4)
[closesthit:box] prim=0 shape_data=81907035136 surface_info=81907036672 type=0 callable=(3,3,4)
[closesthit:box] prim=0 shape_data=81907035136 surface_info=81907036672 type=0 callable=(3,3,4)
[closesthit:box] prim=0 shape_data=81907035136 surface_info=81907036672 type=0 callable=(3,3,4)
[closesthit:box] prim=0 shape_data=81907035136 surface_info=81907036672 type=0 callable=(3,3,4)
[closesthit:box] prim=0 shape_data=81907035136 surface_info=81907036672 type=0 callable=(3,3,4)
[closesthit:box] prim=0 shape_data=81907035136 surface_info=81907036672 type=0 callable=(3,3,4)
[closesthit:box] prim=0 shape_data=81907035136 surface_info=81907036672 type=0 callable=(3,3,4)
[closesthit:box] prim=0 shape_data=81907035136 surface_info=81907036672 type=0 callable=(3,3,4)
[closesthit:box] prim=0 shape_data=81907035136 surface_info=81907036672 type=0 callable=(3,3,4)
[closesthit:box] prim=0 shape_data=81907035136 surface_info=81907036672 type=0 callable=(3,3,4)
[closesthit:box] prim=0 shape_data=81907035136 surface_info=81907036672 type=0 callable=(3,3,4)
[closesthit:box] prim=0 shape_data=81907035136 surface_info=81907036672 type=0 callable=(3,3,4)
[closesthit:box] prim=0 shape_data=81907035136 surface_info=81907036672 type=0 callable=(3,3,4)
[closesthit:box] prim=0 shape_data=81907035136 surface_info=81907036672 type=0 callable=(3,3,4)
[closesthit:box] prim=0 shape_data=81907035136 surface_info=81907036672 type=0 callable=(3,3,4)
[closesthit:box] prim=0 shape_data=81907035136 surface_info=81907036672 type=0 callable=(3,3,4)
[closesthit:box] prim=0 shape_data=81907035136 surface_info=81907036672 type=0 callable=(3,3,4)
[closesthit:box] prim=0 shape_data=81907035136 surface_info=81907036672 type=0 callable=(3,3,4)
[closesthit:box] prim=0 shape_data=81907035136 surface_info=81907036672 type=0 callable=(3,3,4)
[closesthit:box] prim=0 shape_data=81907035136 surface_info=81907036672 type=0 callable=(3,3,4)
[closesthit:box] prim=0 shape_data=81907035136 surface_info=81907036672 type=0 callable=(3,3,4)
[closesthit:box] prim=0 shape_data=81907035136 surface_info=81907036672 type=0 callable=(3,3,4)
[closesthit:box] prim=0 shape_data=81907035136 surface_info=81907036672 type=0 callable=(3,3,4)
[closesthit:box] prim=0 shape_data=81907035136 surface_info=81907036672 type=0 callable=(3,3,4)
[closesthit:box] prim=0 shape_data=81907035136 surface_info=81907036672 type=0 callable=(3,3,4)
[closesthit:box] prim=0 shape_data=81907035136 surface_info=81907036672 type=0 callable=(3,3,4)
[closesthit:box] prim=0 shape_data=81907035136 surface_info=81907036672 type=0 callable=(3,3,4)
[closesthit:box] prim=0 shape_data=81907035136 surface_info=81907036672 type=0 callable=(3,3,4)
[closesthit:box] prim=0 shape_data=81907035136 surface_info=81907036672 type=0 callable=(3,3,4)
[closesthit:box] prim=0 shape_data=81907035136 surface_info=81907036672 type=0 callable=(3,3,4)
[closesthit:box] prim=0 shape_data=81907035136 surface_info=81907036672 type=0 callable=(3,3,4)
[closesthit:box] prim=0 shape_data=81907035136 surface_info=81907036672 type=0 callable=(3,3,4)
[closesthit:box] prim=0 shape_data=81907035136 surface_info=81907036672 type=0 callable=(3,3,4)
[closesthit:box] prim=0 shape_data=81907035136 surface_info=81907036672 type=0 callable=(3,3,4)
[closesthit:box] prim=0 shape_data=81907035136 surface_info=81907036672 type=0 callable=(3,3,4)
[closesthit:box] prim=0 shape_data=81907035136 surface_info=81907036672 type=0 callable=(3,3,4)
[closesthit:box] prim=0 shape_data=81907035136 surface_info=81907036672 type=0 callable=(3,3,4)
[closesthit:box] prim=0 shape_data=81907035136 surface_info=81907036672 type=0 callable=(3,3,4)
[closesthit:box] prim=0 shape_data=81907035136 surface_info=81907036672 type=0 callable=(3,3,4)
[closesthit:box] prim=0 shape_data=81907035136 surface_info=81907036672 type=0 callable=(3,3,4)
[closesthit:box] prim=0 shape_data=81907035136 surface_info=81907036672 type=0 callable=(3,3,4)
[closesthit:box] prim=0 shape_data=81907035136 surface_info=81907036672 type=0 callable=(3,3,4)
[closesthit:box] prim=0 shape_data=81907035136 surface_info=81907036672 type=0 callable=(3,3,4)
[closesthit:box] prim=0 shape_data=81907035136 surface_info=81907036672 type=0 callable=(3,3,4)
[closesthit:box] prim=0 shape_data=81907035136 surface_info=81907036672 type=0 callable=(3,3,4)
[closesthit:box] prim=0 shape_data=81907035136 surface_info=81907036672 type=0 callable=(3,3,4)
[closesthit:box] prim=0 shape_data=81907035136 surface_info=81907036672 type=0 callable=(3,3,4)
[closesthit:box] prim=0 shape_data=81907035136 surface_info=81907036672 type=0 callable=(3,3,4)
[closesthit:box] prim=0 shape_data=81907035136 surface_info=81907036672 type=0 callable=(3,3,4)
[closesthit:box] prim=0 shape_data=81907035136 surface_info=81907036672 type=0 callable=(3,3,4)
[closesthit:box] prim=0 shape_data=81907035136 surface_info=81907036672 type=0 callable=(3,3,4)
[closesthit:box] prim=0 shape_data=81907035136 surface_info=81907036672 type=0 callable=(3,3,4)
[closesthit:box] prim=0 shape_data=81907035136 surface_info=81907036672 type=0 callable=(3,3,4)
[closesthit:box] prim=0 shape_data=81907035136 surface_info=81907036672 type=0 callable=(3,3,4)
[closesthit:box] prim=0 shape_data=81907035136 surface_info=81907036672 type=0 callable=(3,3,4)
[closesthit:box] prim=0 shape_data=81907035136 surface_info=81907036672 type=0 callable=(3,3,4)
[closesthit:box] prim=0 shape_data=81907035136 surface_info=81907036672 type=0 callable=(3,3,4)
[closesthit:box] prim=0 shape_data=81907035136 surface_info=81907036672 type=0 callable=(3,3,4)
[closesthit:box] prim=0 shape_data=81907035136 surface_info=81907036672 type=0 callable=(3,3,4)
[closesthit:box] prim=0 shape_data=81907035136 surface_info=81907036672 type=0 callable=(3,3,4)
[closesthit:box] prim=0 shape_data=81907035136 surface_info=81907036672 type=0 callable=(3,3,4)
[closesthit:box] prim=0 shape_data=81907035136 surface_info=81907036672 type=0 callable=(3,3,4)
[closesthit:box] prim=0 shape_data=81907035136 surface_info=81907036672 type=0 callable=(3,3,4)
[closesthit:box] prim=0 shape_data=81907035136 surface_info=81907036672 type=0 callable=(3,3,4)
[closesthit:box] prim=0 shape_data=81907035136 surface_info=81907036672 type=0 callable=(3,3,4)
[closesthit:box] prim=0 shape_data=81907035136 surface_info=81907036672 type=0 callable=(3,3,4)
[closesthit:box] prim=0 shape_data=81907035136 surface_info=81907036672 type=0 callable=(3,3,4)
[closesthit:box] prim=0 shape_data=81907035136 surface_info=81907036672 type=0 callable=(3,3,4)
[closesthit:box] prim=0 shape_data=81907035136 surface_info=81907036672 type=0 callable=(3,3,4)
[closesthit:box] prim=0 shape_data=81907035136 surface_info=81907036672 type=0 callable=(3,3,4)
[closesthit:box] prim=0 shape_data=81907035136 surface_info=81907036672 type=0 callable=(3,3,4)
[closesthit:box] prim=0 shape_data=81907035136 surface_info=81907036672 type=0 callable=(3,3,4)
[closesthit:box] prim=0 shape_data=81907035136 surface_info=81907036672 type=0 callable=(3,3,4)
[closesthit:box] prim=0 shape_data=81907035136 surface_info=81907036672 type=0 callable=(3,3,4)
[closesthit:box] prim=0 shape_data=81907035136 surface_info=81907036672 type=0 callable=(3,3,4)
[closesthit:box] prim=0 shape_data=81907035136 surface_info=81907036672 type=0 callable=(3,3,4)
[closesthit:box] prim=0 shape_data=81907035136 surface_info=81907036672 type=0 callable=(3,3,4)
[closesthit:box] prim=0 shape_data=81907035136 surface_info=81907036672 type=0 callable=(3,3,4)
[closesthit:box] prim=0 shape_data=81907035136 surface_info=81907036672 type=0 callable=(3,3,4)
[closesthit:box] prim=0 shape_data=81907035136 surface_info=81907036672 type=0 callable=(3,3,4)
[closesthit:box] prim=0 shape_data=81907035136 surface_info=81907036672 type=0 callable=(3,3,4)
[closesthit:box] prim=0 shape_data=81907035136 surface_info=81907036672 type=0 callable=(3,3,4)
[closesthit:box] prim=0 shape_data=81907035136 surface_info=81907036672 type=0 callable=(3,3,4)
[closesthit:box] prim=0 shape_data=81907035136 surface_info=81907036672 type=0 callable=(3,3,4)
[closesthit:box] prim=0 shape_data=81907035136 surface_info=81907036672 type=0 callable=(3,3,4)
[closesthit:box] prim=0 shape_data=81907035136 surface_info=81907036672 type=0 callable=(3,3,4)
[closesthit:box] prim=0 shape_data=81907035136 surface_info=81907036672 type=0 callable=(3,3,4)
[closesthit:box] prim=0 shape_data=81907035136 surface_info=81907036672 type=0 callable=(3,3,4)
[closesthit:box] prim=0 shape_data=81907035136 surface_info=81907036672 type=0 callable=(3,3,4)
[closesthit:box] prim=0 shape_data=81907035136 surface_info=81907036672 type=0 callable=(3,3,4)
[closesthit:box] prim=0 shape_data=81907035136 surface_info=81907036672 type=0 callable=(3,3,4)
[closesthit:box] prim=0 shape_data=81907035136 surface_info=81907036672 type=0 callable=(3,3,4)
[closesthit:box] prim=0 shape_data=81907035136 surface_info=81907036672 type=0 callable=(3,3,4)
[closesthit:box] prim=0 shape_data=81907035136 surface_info=81907036672 type=0 callable=(3,3,4)
[closesthit:box] prim=0 shape_data=81907035136 surface_info=81907036672 type=0 callable=(3,3,4)
[closesthit:box] prim=0 shape_data=81907035136 surface_info=81907036672 type=0 callable=(3,3,4)
[closesthit:box] prim=0 shape_data=81907035136 surface_info=81907036672 type=0 callable=(3,3,4)
[closesthit:box] prim=0 shape_data=81907035136 surface_info=81907036672 type=0 callable=(3,3,4)
[closesthit:box] prim=0 shape_data=81907035136 surface_info=81907036672 type=0 callable=(3,3,4)
[closesthit:box] prim=0 shape_data=81907035136 surface_info=81907036672 type=0 callable=(3,3,4)
[closesthit:box] prim=0 shape_data=81907035136 surface_info=81907036672 type=0 callable=(3,3,4)
[closesthit:box] prim=0 shape_data=81907035136 surface_info=81907036672 type=0 callable=(3,3,4)
[closesthit:box] prim=0 shape_data=81907035136 surface_info=81907036672 type=0 callable=(3,3,4)
[closesthit:box] prim=0 shape_data=81907035136 surface_info=81907036672 type=0 callable=(3,3,4)
[closesthit:box] prim=0 shape_data=81907035136 surface_info=81907036672 type=0 callable=(3,3,4)
[closesthit:box] prim=0 shape_data=81907035136 surface_info=81907036672 type=0 callable=(3,3,4)
[closesthit:box] prim=0 shape_data=81907035136 surface_info=81907036672 type=0 callable=(3,3,4)
[closesthit:box] prim=0 shape_data=81907035136 surface_info=81907036672 type=0 callable=(3,3,4)
[closesthit:box] prim=0 shape_data=81907035136 surface_info=81907036672 type=0 callable=(3,3,4)
[closesthit:box] prim=0 shape_data=81907035136 surface_info=81907036672 type=0 callable=(3,3,4)
[closesthit:box] prim=0 shape_data=81907035136 surface_info=81907036672 type=0 callable=(3,3,4)
[closesthit:box] prim=0 shape_data=81907035136 surface_info=81907036672 type=0 callable=(3,3,4)
[closesthit:box] prim=0 shape_data=81907035136 surface_info=81907036672 type=0 callable=(3,3,4)
[closesthit:box] prim=0 shape_data=81907035136 surface_info=81907036672 type=0 callable=(3,3,4)
[closesthit:box] prim=0 shape_data=81907035136 surface_info=81907036672 type=0 callable=(3,3,4)
[closesthit:box] prim=0 shape_data=81907035136 surface_info=81907036672 type=0 callable=(3,3,4)
[closesthit:box] prim=0 shape_data=81907035136 surface_info=81907036672 type=0 callable=(3,3,4)
[closesthit:box] prim=0 shape_data=81907035136 surface_info=81907036672 type=0 callable=(3,3,4)
[closesthit:box] prim=0 shape_data=81907035136 surface_info=81907036672 type=0 callable=(3,3,4)
[closesthit:box] prim=0 shape_data=81907035136 surface_info=81907036672 type=0 callable=(3,3,4)
[closesthit:box] prim=0 shape_data=81907035136 surface_info=81907036672 type=0 callable=(3,3,4)
[closesthit:box] prim=0 shape_data=81907035136 surface_info=81907036672 type=0 callable=(3,3,4)
[closesthit:box] prim=0 shape_data=81907035136 surface_info=81907036672 type=0 callable=(3,3,4)
[closesthit:box] prim=0 shape_data=81907035136 surface_info=81907036672 type=0 callable=(3,3,4)
[closesthit:box] prim=0 shape_data=81907035136 surface_info=81907036672 type=0 callable=(3,3,4)
[closesthit:box] prim=0 shape_data=81907035136 surface_info=81907036672 type=0 callable=(3,3,4)
[closesthit:box] prim=0 shape_data=81907035136 surface_info=81907036672 type=0 callable=(3,3,4)
[closesthit:box] prim=0 shape_data=81907035136 surface_info=81907036672 type=0 callable=(3,3,4)
[closesthit:box] prim=0 shape_data=81907035136 surface_info=81907036672 type=0 callable=(3,3,4)
[closesthit:box] prim=0 shape_data=81907035136 surface_info=81907036672 type=0 callable=(3,3,4)
[closesthit:box] prim=0 shape_data=81907035136 surface_info=81907036672 type=0 callable=(3,3,4)
[closesthit:box] prim=0 shape_data=81907035136 surface_info=81907036672 type=0 callable=(3,3,4)
[closesthit:box] prim=0 shape_data=81907035136 surface_info=81907036672 type=0 callable=(3,3,4)
[closesthit:box] prim=0 shape_data=81907035136 surface_info=81907036672 type=0 callable=(3,3,4)
[closesthit:box] prim=0 shape_data=81907035136 surface_info=81907036672 type=0 callable=(3,3,4)
[closesthit:box] prim=0 shape_data=81907035136 surface_info=81907036672 type=0 callable=(3,3,4)
[closesthit:box] prim=0 shape_data=81907035136 surface_info=81907036672 type=0 callable=(3,3,4)
[closesthit:box] prim=0 shape_data=81907035136 surface_info=81907036672 type=0 callable=(3,3,4)
[closesthit:box] prim=0 shape_data=81907035136 surface_info=81907036672 type=0 callable=(3,3,4)
[closesthit:box] prim=0 shape_data=81907035136 surface_info=81907036672 type=0 callable=(3,3,4)
[closesthit:box] prim=0 shape_data=81907035136 surface_info=81907036672 type=0 callable=(3,3,4)
[closesthit:box] prim=0 shape_data=81907035136 surface_info=81907036672 type=0 callable=(3,3,4)
[closesthit:box] prim=0 shape_data=81907035136 surface_info=81907036672 type=0 callable=(3,3,4)
[closesthit:box] prim=0 shape_data=81907035136 surface_info=81907036672 type=0 callable=(3,3,4)
[closesthit:box] prim=0 shape_data=81907035136 surface_info=81907036672 type=0 callable=(3,3,4)
[closesthit:box] prim=0 shape_data=81907035136 surface_info=81907036672 type=0 callable=(3,3,4)
[closesthit:box] prim=0 shape_data=81907035136 surface_info=81907036672 type=0 callable=(3,3,4)
[closesthit:box] prim=0 shape_data=81907035136 surface_info=81907036672 type=0 callable=(3,3,4)
[closesthit:box] prim=0 shape_data=81907035136 surface_info=81907036672 type=0 callable=(3,3,4)
[closesthit:box] prim=0 shape_data=81907035136 surface_info=81907036672 type=0 callable=(3,3,4)
[closesthit:box] prim=0 shape_data=81907035136 surface_info=81907036672 type=0 callable=(3,3,4)
[closesthit:box] prim=0 shape_data=81907035136 surface_info=81907036672 type=0 callable=(3,3,4)
[closesthit:box] prim=0 shape_data=81907035136 surface_info=81907036672 type=0 callable=(3,3,4)
[closesthit:box] prim=0 shape_data=81907035136 surface_info=81907036672 type=0 callable=(3,3,4)
[closesthit:box] prim=0 shape_data=81907035136 surface_info=81907036672 type=0 callable=(3,3,4)
[closesthit:box] prim=0 shape_data=81907035136 surface_info=81907036672 type=0 callable=(3,3,4)
[closesthit:box] prim=0 shape_data=81907035136 surface_info=81907036672 type=0 callable=(3,3,4)
[closesthit:box] prim=0 shape_data=81907035136 surface_info=81907036672 type=0 callable=(3,3,4)
[closesthit:box] prim=0 shape_data=81907035136 surface_info=81907036672 type=0 callable=(3,3,4)
[closesthit:box] prim=0 shape_data=81907035136 surface_info=81907036672 type=0 callable=(3,3,4)
[closesthit:box] prim=0 shape_data=81907035136 surface_info=81907036672 type=0 callable=(3,3,4)
[closesthit:box] prim=0 shape_data=81907035136 surface_info=81907036672 type=0 callable=(3,3,4)
[closesthit:box] prim=0 shape_data=81907035136 surface_info=81907036672 type=0 callable=(3,3,4)
[closesthit:box] prim=0 shape_data=81907035136 surface_info=81907036672 type=0 callable=(3,3,4)
[closesthit:box] prim=0 shape_data=81907035136 surface_info=81907036672 type=0 callable=(3,3,4)
[closesthit:box] prim=0 shape_data=81907035136 surface_info=81907036672 type=0 callable=(3,3,4)
[closesthit:box] prim=0 shape_data=81907035136 surface_info=81907036672 type=0 callable=(3,3,4)
[closesthit:box] prim=0 shape_data=81907035136 surface_info=81907036672 type=0 callable=(3,3,4)
[closesthit:box] prim=0 shape_data=81907035136 surface_info=81907036672 type=0 callable=(3,3,4)
[closesthit:box] prim=0 shape_data=81907035136 surface_info=81907036672 type=0 callable=(3,3,4)
[closesthit:box] prim=0 shape_data=81907035136 surface_info=81907036672 type=0 callable=(3,3,4)
[closesthit:box] prim=0 shape_data=81907035136 surface_info=81907036672 type=0 callable=(3,3,4)
[closesthit:box] prim=0 shape_data=81907035136 surface_info=81907036672 type=0 callable=(3,3,4)
[closesthit:box] prim=0 shape_data=81907035136 surface_info=81907036672 type=0 callable=(3,3,4)
[closesthit:box] prim=0 shape_data=81907035136 surface_info=81907036672 type=0 callable=(3,3,4)
[closesthit:box] prim=0 shape_data=81907035136 surface_info=81907036672 type=0 callable=(3,3,4)
[closesthit:box] prim=0 shape_data=81907035136 surface_info=81907036672 type=0 callable=(3,3,4)
[closesthit:box] prim=0 shape_data=81907035136 surface_info=81907036672 type=0 callable=(3,3,4)
[closesthit:box] prim=0 shape_data=81907035136 surface_info=81907036672 type=0 callable=(3,3,4)
[closesthit:box] prim=0 shape_data=81907035136 surface_info=81907036672 type=0 callable=(3,3,4)
[closesthit:box] prim=0 shape_data=81907035136 surface_info=81907036672 type=0 callable=(3,3,4)
[closesthit:box] prim=0 shape_data=81907035136 surface_info=81907036672 type=0 callable=(3,3,4)
[closesthit:box] prim=0 shape_data=81907035136 surface_info=81907036672 type=0 callable=(3,3,4)
[closesthit:box] prim=0 shape_data=81907035136 surface_info=81907036672 type=0 callable=(3,3,4)
[closesthit:box] prim=0 shape_data=81907035136 surface_info=81907036672 type=0 callable=(3,3,4)
[closesthit:box] prim=0 shape_data=81907035136 surface_info=81907036672 type=0 callable=(3,3,4)
[closesthit:box] prim=0 shape_data=81907035136 surface_info=81907036672 type=0 callable=(3,3,4)
[closesthit:box] prim=0 shape_data=81907035136 surface_info=81907036672 type=0 callable=(3,3,4)
[closesthit:box] prim=0 shape_data=81907035136 surface_info=81907036672 type=0 callable=(3,3,4)
[closesthit:box] prim=0 shape_data=81907035136 surface_info=81907036672 type=0 callable=(3,3,4)
[closesthit:box] prim=0 shape_data=81907035136 surface_info=81907036672 type=0 callable=(3,3,4)
[closesthit:box] prim=0 shape_data=81907035136 surface_info=81907036672 type=0 callable=(3,3,4)
[closesthit:box] prim=0 shape_data=81907035136 surface_info=81907036672 type=0 callable=(3,3,4)
[closesthit:box] prim=0 shape_data=81907035136 surface_info=81907036672 type=0 callable=(3,3,4)
[closesthit:box] prim=0 shape_data=81907035136 surface_info=81907036672 type=0 callable=(3,3,4)
[closesthit:box] prim=0 shape_data=81907035136 surface_info=81907036672 type=0 callable=(3,3,4)
[closesthit:box] prim=0 shape_data=81907035136 surface_info=81907036672 type=0 callable=(3,3,4)
[closesthit:box] prim=0 shape_data=81907035136 surface_info=81907036672 type=0 callable=(3,3,4)
[closesthit:box] prim=0 shape_data=81907035136 surface_info=81907036672 type=0 callable=(3,3,4)
[closesthit:box] prim=0 shape_data=81907035136 surface_info=81907036672 type=0 callable=(3,3,4)
[closesthit:box] prim=0 shape_data=81907035136 surface_info=81907036672 type=0 callable=(3,3,4)
[closesthit:box] prim=0 shape_data=81907035136 surface_info=81907036672 type=0 callable=(3,3,4)
[closesthit:box] prim=0 shape_data=81907035136 surface_info=81907036672 type=0 callable=(3,3,4)
[closesthit:box] prim=0 shape_data=81907035136 surface_info=81907036672 type=0 callable=(3,3,4)
[closesthit:box] prim=0 shape_data=81907035136 surface_info=81907036672 type=0 callable=(3,3,4)
[closesthit:box] prim=0 shape_data=81907035136 surface_info=81907036672 type=0 callable=(3,3,4)
[closesthit:box] prim=0 shape_data=81907035136 surface_info=81907036672 type=0 callable=(3,3,4)
[closesthit:box] prim=0 shape_data=81907035136 surface_info=81907036672 type=0 callable=(3,3,4)
[closesthit:box] prim=0 shape_data=81907035136 surface_info=81907036672 type=0 callable=(3,3,4)
[closesthit:box] prim=0 shape_data=81907035136 surface_info=81907036672 type=0 callable=(3,3,4)
[closesthit:box] prim=0 shape_data=81907035136 surface_info=81907036672 type=0 callable=(3,3,4)
[closesthit:box] prim=0 shape_data=81907035136 surface_info=81907036672 type=0 callable=(3,3,4)
[closesthit:box] prim=0 shape_data=81907035136 surface_info=81907036672 type=0 callable=(3,3,4)
[closesthit:box] prim=0 shape_data=81907035136 surface_info=81907036672 type=0 callable=(3,3,4)
[closesthit:box] prim=0 shape_data=81907035136 surface_info=81907036672 type=0 callable=(3,3,4)
[closesthit:box] prim=0 shape_data=81907035136 surface_info=81907036672 type=0 callable=(3,3,4)
[closesthit:box] prim=0 shape_data=81907035136 surface_info=81907036672 type=0 callable=(3,3,4)
[closesthit:box] prim=0 shape_data=81907035136 surface_info=81907036672 type=0 callable=(3,3,4)
[closesthit:box] prim=0 shape_data=81907035136 surface_info=81907036672 type=0 callable=(3,3,4)
[closesthit:box] prim=0 shape_data=81907035136 surface_info=81907036672 type=0 callable=(3,3,4)
[closesthit:box] prim=0 shape_data=81907035136 surface_info=81907036672 type=0 callable=(3,3,4)
[closesthit:box] prim=0 shape_data=81907035136 surface_info=81907036672 type=0 callable=(3,3,4)
[closesthit:box] prim=0 shape_data=81907035136 surface_info=81907036672 type=0 callable=(3,3,4)
[closesthit:box] prim=0 shape_data=81907035136 surface_info=81907036672 type=0 callable=(3,3,4)
[closesthit:box] prim=0 shape_data=81907035136 surface_info=81907036672 type=0 callable=(3,3,4)
[closesthit:box] prim=0 shape_data=81907035136 surface_info=81907036672 type=0 callable=(3,3,4)
[closesthit:box] prim=0 shape_data=81907035136 surface_info=81907036672 type=0 callable=(3,3,4)
[closesthit:box] prim=0 shape_data=81907035136 surface_info=81907036672 type=0 callable=(3,3,4)
[closesthit:box] prim=0 shape_data=81907035136 surface_info=81907036672 type=0 callable=(3,3,4)
[closesthit:box] prim=0 shape_data=81907035136 surface_info=81907036672 type=0 callable=(3,3,4)
[closesthit:box] prim=0 shape_data=81907035136 surface_info=81907036672 type=0 callable=(3,3,4)
[closesthit:box] prim=0 shape_data=81907035136 surface_info=81907036672 type=0 callable=(3,3,4)
[closesthit:box] prim=0 shape_data=81907035136 surface_info=81907036672 type=0 callable=(3,3,4)
[closesthit:box] prim=0 shape_data=81907035136 surface_info=81907036672 type=0 callable=(3,3,4)
[closesthit:box] prim=0 shape_data=81907035136 surface_info=81907036672 type=0 callable=(3,3,4)
[closesthit:box] prim=0 shape_data=81907035136 surface_info=81907036672 type=0 callable=(3,3,4)
[closesthit:box] prim=0 shape_data=81907035136 surface_info=81907036672 type=0 callable=(3,3,4)
[closesthit:box] prim=0 shape_data=81907035136 surface_info=81907036672 type=0 callable=(3,3,4)
[closesthit:box] prim=0 shape_data=81907035136 surface_info=81907036672 type=0 callable=(3,3,4)
[closesthit:box] prim=0 shape_data=81907035136 surface_info=81907036672 type=0 callable=(3,3,4)
[closesthit:box] prim=0 shape_data=81907035136 surface_info=81907036672 type=0 callable=(3,3,4)
[closesthit:box] prim=0 shape_data=81907035136 surface_info=81907036672 type=0 callable=(3,3,4)
[closesthit:box] prim=0 shape_data=81907035136 surface_info=81907036672 type=0 callable=(3,3,4)
[closesthit:box] prim=0 shape_data=81907035136 surface_info=81907036672 type=0 callable=(3,3,4)
[closesthit:box] prim=0 shape_data=81907035136 surface_info=81907036672 type=0 callable=(3,3,4)
[closesthit:box] prim=0 shape_data=81907035136 surface_info=81907036672 type=0 callable=(3,3,4)
[closesthit:box] prim=0 shape_data=81907035136 surface_info=81907036672 type=0 callable=(3,3,4)
[closesthit:box] prim=0 shape_data=81907035136 surface_info=81907036672 type=0 callable=(3,3,4)
[closesthit:box] prim=0 shape_data=81907035136 surface_info=81907036672 type=0 callable=(3,3,4)
[closesthit:box] prim=0 shape_data=81907035136 surface_info=81907036672 type=0 callable=(3,3,4)
[closesthit:box] prim=0 shape_data=81907035136 surface_info=81907036672 type=0 callable=(3,3,4)
[closesthit:box] prim=0 shape_data=81907035136 surface_info=81907036672 type=0 callable=(3,3,4)
[closesthit:box] prim=0 shape_data=81907035136 surface_info=81907036672 type=0 callable=(3,3,4)
[closesthit:box] prim=0 shape_data=81907035136 surface_info=81907036672 type=0 callable=(3,3,4)
[closesthit:box] prim=0 shape_data=81907035136 surface_info=81907036672 type=0 callable=(3,3,4)
[closesthit:box] prim=0 shape_data=81907035136 surface_info=81907036672 type=0 callable=(3,3,4)
[closesthit:box] prim=0 shape_data=81907035136 surface_info=81907036672 type=0 callable=(3,3,4)
[closesthit:box] prim=0 shape_data=81907035136 surface_info=81907036672 type=0 callable=(3,3,4)
[closesthit:box] prim=0 shape_data=81907035136 surface_info=81907036672 type=0 callable=(3,3,4)
[closesthit:box] prim=0 shape_data=81907035136 surface_info=81907036672 type=0 callable=(3,3,4)
[closesthit:box] prim=0 shape_data=81907035136 surface_info=81907036672 type=0 callable=(3,3,4)
[closesthit:box] prim=0 shape_data=81907035136 surface_info=81907036672 type=0 callable=(3,3,4)
[closesthit:box] prim=0 shape_data=81907035136 surface_info=81907036672 type=0 callable=(3,3,4)
[closesthit:box] prim=0 shape_data=81907035136 surface_info=81907036672 type=0 callable=(3,3,4)
[closesthit:box] prim=0 shape_data=81907035136 surface_info=81907036672 type=0 callable=(3,3,4)
[closesthit:box] prim=0 shape_data=81907035136 surface_info=81907036672 type=0 callable=(3,3,4)
[closesthit:box] prim=0 shape_data=81907035136 surface_info=81907036672 type=0 callable=(3,3,4)
[closesthit:box] prim=0 shape_data=81907035136 surface_info=81907036672 type=0 callable=(3,3,4)
[closesthit:box] prim=0 shape_data=81907035136 surface_info=81907036672 type=0 callable=(3,3,4)
[closesthit:box] prim=0 shape_data=81907035136 surface_info=81907036672 type=0 callable=(3,3,4)
[closesthit:box] prim=0 shape_data=81907035136 surface_info=81907036672 type=0 callable=(3,3,4)
[closesthit:box] prim=0 shape_data=81907035136 surface_info=81907036672 type=0 callable=(3,3,4)
[closesthit:box] prim=0 shape_data=81907035136 surface_info=81907036672 type=0 callable=(3,3,4)
[closesthit:box] prim=0 shape_data=81907035136 surface_info=81907036672 type=0 callable=(3,3,4)
[closesthit:box] prim=0 shape_data=81907035136 surface_info=81907036672 type=0 callable=(3,3,4)
[closesthit:box] prim=0 shape_data=81907035136 surface_info=81907036672 type=0 callable=(3,3,4)
[closesthit:box] prim=0 shape_data=81907035136 surface_info=81907036672 type=0 callable=(3,3,4)
[closesthit:box] prim=0 shape_data=81907035136 surface_info=81907036672 type=0 callable=(3,3,4)
[closesthit:box] prim=0 shape_data=81907035136 surface_info=81907036672 type=0 callable=(3,3,4)
[closesthit:box] prim=0 shape_data=81907035136 surface_info=81907036672 type=0 callable=(3,3,4)
[closesthit:box] prim=0 shape_data=81907035136 surface_info=81907036672 type=0 callable=(3,3,4)
[closesthit:box] prim=0 shape_data=81907035136 surface_info=81907036672 type=0 callable=(3,3,4)
[closesthit:box] prim=0 shape_data=81907035136 surface_info=81907036672 type=0 callable=(3,3,4)
[closesthit:box] prim=0 shape_data=81907035136 surface_info=81907036672 type=0 callable=(3,3,4)
[closesthit:box] prim=0 shape_data=81907035136 surface_info=81907036672 type=0 callable=(3,3,4)
[closesthit:box] prim=0 shape_data=81907035136 surface_info=81907036672 type=0 callable=(3,3,4)
[closesthit:box] prim=0 shape_data=81907035136 surface_info=81907036672 type=0 callable=(3,3,4)
[closesthit:box] prim=0 shape_data=81907035136 surface_info=81907036672 type=0 callable=(3,3,4)
[closesthit:box] prim=0 shape_data=81907035136 surface_info=81907036672 type=0 callable=(3,3,4)
[closesthit:box] prim=0 shape_data=81907035136 surface_info=81907036672 type=0 callable=(3,3,4)
[closesthit:box] prim=0 shape_data=81907035136 surface_info=81907036672 type=0 callable=(3,3,4)
[closesthit:box] prim=0 shape_data=81907035136 surface_info=81907036672 type=0 callable=(3,3,4)
[closesthit:box] prim=0 shape_data=81907035136 surface_info=81907036672 type=0 callable=(3,3,4)
[closesthit:box] prim=0 shape_data=81907035136 surface_info=81907036672 type=0 callable=(3,3,4)
[closesthit:box] prim=0 shape_data=81907035136 surface_info=81907036672 type=0 callable=(3,3,4)
[closesthit:box] prim=0 shape_data=81907035136 surface_info=81907036672 type=0 callable=(3,3,4)
[closesthit:box] prim=0 shape_data=81907035136 surface_info=81907036672 type=0 callable=(3,3,4)
[closesthit:box] prim=0 shape_data=81907035136 surface_info=81907036672 type=0 callable=(3,3,4)
[closesthit:box] prim=0 shape_data=81907035136 surface_info=81907036672 type=0 callable=(3,3,4)
[closesthit:box] prim=0 shape_data=81907035136 surface_info=81907036672 type=0 callable=(3,3,4)
[closesthit:box] prim=0 shape_data=81907035136 surface_info=81907036672 type=0 callable=(3,3,4)
[closesthit:box] prim=0 shape_data=81907035136 surface_info=81907036672 type=0 callable=(3,3,4)
[closesthit:box] prim=0 shape_data=81907035136 surface_info=81907036672 type=0 callable=(3,3,4)
[closesthit:box] prim=0 shape_data=81907035136 surface_info=81907036672 type=0 callable=(3,3,4)
[closesthit:box] prim=0 shape_data=81907035136 surface_info=81907036672 type=0 callable=(3,3,4)
[closesthit:box] prim=0 shape_data=81907035136 surface_info=81907036672 type=0 callable=(3,3,4)
[closesthit:box] prim=0 shape_data=81907035136 surface_info=81907036672 type=0 callable=(3,3,4)
[closesthit:box] prim=0 shape_data=81907035136 surface_info=81907036672 type=0 callable=(3,3,4)
[closesthit:box] prim=0 shape_data=81907035136 surface_info=81907036672 type=0 callable=(3,3,4)
[closesthit:box] prim=0 shape_data=81907035136 surface_info=81907036672 type=0 callable=(3,3,4)
[closesthit:box] prim=0 shape_data=81907035136 surface_info=81907036672 type=0 callable=(3,3,4)
[closesthit:box] prim=0 shape_data=81907035136 surface_info=81907036672 type=0 callable=(3,3,4)
[closesthit:box] prim=0 shape_data=81907035136 surface_info=81907036672 type=0 callable=(3,3,4)
[closesthit:box] prim=0 shape_data=81907035136 surface_info=81907036672 type=0 callable=(3,3,4)
[closesthit:box] prim=0 shape_data=81907035136 surface_info=81907036672 type=0 callable=(3,3,4)
[closesthit:box] prim=0 shape_data=81907035136 surface_info=81907036672 type=0 callable=(3,3,4)
[closesthit:box] prim=0 shape_data=81907035136 surface_info=81907036672 type=0 callable=(3,3,4)
[closesthit:box] prim=0 shape_data=81907035136 surface_info=81907036672 type=0 callable=(3,3,4)
[closesthit:box] prim=0 shape_data=81907035136 surface_info=81907036672 type=0 callable=(3,3,4)
[closesthit:box] prim=0 shape_data=81907035136 surface_info=81907036672 type=0 callable=(3,3,4)
[closesthit:box] prim=0 shape_data=81907035136 surface_info=81907036672 type=0 callable=(3,3,4)
[closesthit:box] prim=0 shape_data=81907035136 surface_info=81907036672 type=0 callable=(3,3,4)
[closesthit:box] prim=0 shape_data=81907035136 surface_info=81907036672 type=0 callable=(3,3,4)
[closesthit:box] prim=0 shape_data=81907035136 surface_info=81907036672 type=0 callable=(3,3,4)
[closesthit:box] prim=0 shape_data=81907035136 surface_info=81907036672 type=0 callable=(3,3,4)
[closesthit:box] prim=0 shape_data=81907035136 surface_info=81907036672 type=0 callable=(3,3,4)
[closesthit:box] prim=0 shape_data=81907035136 surface_info=81907036672 type=0 callable=(3,3,4)
[closesthit:box] prim=0 shape_data=81907035136 surface_info=81907036672 type=0 callable=(3,3,4)
[closesthit:box] prim=0 shape_data=81907035136 surface_info=81907036672 type=0 callable=(3,3,4)
